<?xml version="1.0" encoding="UTF-8"?>
<testng-results skipped="0" failed="0" ignored="0" total="1" passed="1">
  <reporter-output>
  </reporter-output>
  <suite name="Default suite" duration-ms="36899" started-at="2020-08-19T14:41:23Z" finished-at="2020-08-19T14:42:00Z">
    <groups>
    </groups>
    <test name="Default test" duration-ms="36899" started-at="2020-08-19T14:41:23Z" finished-at="2020-08-19T14:42:00Z">
      <class name="com.tiger.test.Createtest">
        <test-method status="PASS" signature="openBrowser()[pri:0, instance:com.tiger.test.Createtest@59fa1d9b]" name="openBrowser" is-config="true" duration-ms="12049" started-at="2020-08-19T20:11:23Z" finished-at="2020-08-19T20:11:35Z">
          <reporter-output>
          </reporter-output>
        </test-method> <!-- openBrowser -->
        <test-method status="PASS" signature="login()[pri:0, instance:com.tiger.test.Createtest@59fa1d9b]" name="login" is-config="true" duration-ms="18082" started-at="2020-08-19T20:11:35Z" finished-at="2020-08-19T20:11:53Z">
          <reporter-output>
          </reporter-output>
        </test-method> <!-- login -->
        <test-method status="PASS" signature="createcust()[pri:0, instance:com.tiger.test.Createtest@59fa1d9b]" name="createcust" duration-ms="12" started-at="2020-08-19T20:11:53Z" finished-at="2020-08-19T20:11:53Z">
          <reporter-output>
          </reporter-output>
        </test-method> <!-- createcust -->
        <test-method status="PASS" signature="logout()[pri:0, instance:com.tiger.test.Createtest@59fa1d9b]" name="logout" is-config="true" duration-ms="5382" started-at="2020-08-19T20:11:53Z" finished-at="2020-08-19T20:11:59Z">
          <reporter-output>
          </reporter-output>
        </test-method> <!-- logout -->
        <test-method status="PASS" signature="closeBrowser()[pri:0, instance:com.tiger.test.Createtest@59fa1d9b]" name="closeBrowser" is-config="true" duration-ms="1346" started-at="2020-08-19T20:11:59Z" finished-at="2020-08-19T20:12:00Z">
          <reporter-output>
          </reporter-output>
        </test-method> <!-- closeBrowser -->
      </class> <!-- com.tiger.test.Createtest -->
    </test> <!-- Default test -->
  </suite> <!-- Default suite -->
</testng-results>
